<?xml version="1.0" encoding="UTF-8"?>
<testng-results ignored="0" total="20" passed="20" failed="0" skipped="0">
  <reporter-output>
  </reporter-output>
  <suite started-at="2022-09-26T16:32:20 CDT" name="Default suite" finished-at="2022-09-26T16:33:22 CDT" duration-ms="61378">
    <groups>
      <group name="cucumber">
        <method signature="AbstractTestNGCucumberTests.runScenario(io.cucumber.testng.PickleWrapper,io.cucumber.testng.FeatureWrapper)[pri:0, instance:testRunner.ExtendReport@6c64cb25]" name="runScenario" class="io.cucumber.testng.AbstractTestNGCucumberTests"/>
      </group> <!-- cucumber -->
    </groups>
    <test started-at="2022-09-26T16:32:20 CDT" name="Default test" finished-at="2022-09-26T16:33:22 CDT" duration-ms="61378">
      <class name="testRunner.ExtendReport">
        <test-method is-config="true" signature="setUpClass(org.testng.ITestContext)[pri:0, instance:testRunner.ExtendReport@6c64cb25]" started-at="2022-09-26T16:32:20 CDT" name="setUpClass" finished-at="2022-09-26T16:32:21 CDT" duration-ms="774" status="PASS">
          <params>
            <param index="0">
              <value>
                <![CDATA[org.testng.TestRunner@602e7a9e]]>
              </value>
            </param>
          </params>
          <reporter-output>
          </reporter-output>
        </test-method> <!-- setUpClass -->
        <test-method signature="runScenario(io.cucumber.testng.PickleWrapper,io.cucumber.testng.FeatureWrapper)[pri:0, instance:testRunner.ExtendReport@6c64cb25]" started-at="2022-09-26T16:32:21 CDT" name="runScenario" description="Runs Cucumber Scenarios" data-provider="scenarios" finished-at="2022-09-26T16:32:25 CDT" duration-ms="4408" status="PASS">
          <params>
            <param index="0">
              <value>
                <![CDATA["Verify the heading of the Home page"]]>
              </value>
            </param>
            <param index="1">
              <value>
                <![CDATA["HomePage Functionality"]]>
              </value>
            </param>
          </params>
          <reporter-output>
          </reporter-output>
        </test-method> <!-- runScenario -->
        <test-method signature="runScenario(io.cucumber.testng.PickleWrapper,io.cucumber.testng.FeatureWrapper)[pri:0, instance:testRunner.ExtendReport@6c64cb25]" started-at="2022-09-26T16:32:25 CDT" name="runScenario" description="Runs Cucumber Scenarios" data-provider="scenarios" finished-at="2022-09-26T16:32:28 CDT" duration-ms="2746" status="PASS">
          <params>
            <param index="0">
              <value>
                <![CDATA["Verify the program button"]]>
              </value>
            </param>
            <param index="1">
              <value>
                <![CDATA["HomePage Functionality"]]>
              </value>
            </param>
          </params>
          <reporter-output>
          </reporter-output>
        </test-method> <!-- runScenario -->
        <test-method signature="runScenario(io.cucumber.testng.PickleWrapper,io.cucumber.testng.FeatureWrapper)[pri:0, instance:testRunner.ExtendReport@6c64cb25]" started-at="2022-09-26T16:32:28 CDT" name="runScenario" description="Runs Cucumber Scenarios" data-provider="scenarios" finished-at="2022-09-26T16:32:31 CDT" duration-ms="2758" status="PASS">
          <params>
            <param index="0">
              <value>
                <![CDATA["Verify the Batch button"]]>
              </value>
            </param>
            <param index="1">
              <value>
                <![CDATA["HomePage Functionality"]]>
              </value>
            </param>
          </params>
          <reporter-output>
          </reporter-output>
        </test-method> <!-- runScenario -->
        <test-method signature="runScenario(io.cucumber.testng.PickleWrapper,io.cucumber.testng.FeatureWrapper)[pri:0, instance:testRunner.ExtendReport@6c64cb25]" started-at="2022-09-26T16:32:31 CDT" name="runScenario" description="Runs Cucumber Scenarios" data-provider="scenarios" finished-at="2022-09-26T16:32:34 CDT" duration-ms="2712" status="PASS">
          <params>
            <param index="0">
              <value>
                <![CDATA["Verify the User button"]]>
              </value>
            </param>
            <param index="1">
              <value>
                <![CDATA["HomePage Functionality"]]>
              </value>
            </param>
          </params>
          <reporter-output>
          </reporter-output>
        </test-method> <!-- runScenario -->
        <test-method signature="runScenario(io.cucumber.testng.PickleWrapper,io.cucumber.testng.FeatureWrapper)[pri:0, instance:testRunner.ExtendReport@6c64cb25]" started-at="2022-09-26T16:32:34 CDT" name="runScenario" description="Runs Cucumber Scenarios" data-provider="scenarios" finished-at="2022-09-26T16:32:36 CDT" duration-ms="2718" status="PASS">
          <params>
            <param index="0">
              <value>
                <![CDATA["Verify the Assignment button"]]>
              </value>
            </param>
            <param index="1">
              <value>
                <![CDATA["HomePage Functionality"]]>
              </value>
            </param>
          </params>
          <reporter-output>
          </reporter-output>
        </test-method> <!-- runScenario -->
        <test-method signature="runScenario(io.cucumber.testng.PickleWrapper,io.cucumber.testng.FeatureWrapper)[pri:0, instance:testRunner.ExtendReport@6c64cb25]" started-at="2022-09-26T16:32:36 CDT" name="runScenario" description="Runs Cucumber Scenarios" data-provider="scenarios" finished-at="2022-09-26T16:32:39 CDT" duration-ms="2668" status="PASS">
          <params>
            <param index="0">
              <value>
                <![CDATA["Verify the Attendance button"]]>
              </value>
            </param>
            <param index="1">
              <value>
                <![CDATA["HomePage Functionality"]]>
              </value>
            </param>
          </params>
          <reporter-output>
          </reporter-output>
        </test-method> <!-- runScenario -->
        <test-method signature="runScenario(io.cucumber.testng.PickleWrapper,io.cucumber.testng.FeatureWrapper)[pri:0, instance:testRunner.ExtendReport@6c64cb25]" started-at="2022-09-26T16:32:39 CDT" name="runScenario" description="Runs Cucumber Scenarios" data-provider="scenarios" finished-at="2022-09-26T16:32:42 CDT" duration-ms="2770" status="PASS">
          <params>
            <param index="0">
              <value>
                <![CDATA["Verify the Logout button"]]>
              </value>
            </param>
            <param index="1">
              <value>
                <![CDATA["HomePage Functionality"]]>
              </value>
            </param>
          </params>
          <reporter-output>
          </reporter-output>
        </test-method> <!-- runScenario -->
        <test-method signature="runScenario(io.cucumber.testng.PickleWrapper,io.cucumber.testng.FeatureWrapper)[pri:0, instance:testRunner.ExtendReport@6c64cb25]" started-at="2022-09-26T16:32:42 CDT" name="runScenario" description="Runs Cucumber Scenarios" data-provider="scenarios" finished-at="2022-09-26T16:32:45 CDT" duration-ms="3149" status="PASS">
          <params>
            <param index="0">
              <value>
                <![CDATA["Verify the Logout button"]]>
              </value>
            </param>
            <param index="1">
              <value>
                <![CDATA["HomePage Functionality"]]>
              </value>
            </param>
          </params>
          <reporter-output>
          </reporter-output>
        </test-method> <!-- runScenario -->
        <test-method signature="runScenario(io.cucumber.testng.PickleWrapper,io.cucumber.testng.FeatureWrapper)[pri:0, instance:testRunner.ExtendReport@6c64cb25]" started-at="2022-09-26T16:32:45 CDT" name="runScenario" description="Runs Cucumber Scenarios" data-provider="scenarios" finished-at="2022-09-26T16:32:47 CDT" duration-ms="2450" status="PASS">
          <params>
            <param index="0">
              <value>
                <![CDATA["Validating the heading of Registration form"]]>
              </value>
            </param>
            <param index="1">
              <value>
                <![CDATA["Register Functionality"]]>
              </value>
            </param>
          </params>
          <reporter-output>
          </reporter-output>
        </test-method> <!-- runScenario -->
        <test-method signature="runScenario(io.cucumber.testng.PickleWrapper,io.cucumber.testng.FeatureWrapper)[pri:0, instance:testRunner.ExtendReport@6c64cb25]" started-at="2022-09-26T16:32:47 CDT" name="runScenario" description="Runs Cucumber Scenarios" data-provider="scenarios" finished-at="2022-09-26T16:32:50 CDT" duration-ms="2331" status="PASS">
          <params>
            <param index="0">
              <value>
                <![CDATA["Validating the Login button visibility"]]>
              </value>
            </param>
            <param index="1">
              <value>
                <![CDATA["Register Functionality"]]>
              </value>
            </param>
          </params>
          <reporter-output>
          </reporter-output>
        </test-method> <!-- runScenario -->
        <test-method signature="runScenario(io.cucumber.testng.PickleWrapper,io.cucumber.testng.FeatureWrapper)[pri:0, instance:testRunner.ExtendReport@6c64cb25]" started-at="2022-09-26T16:32:50 CDT" name="runScenario" description="Runs Cucumber Scenarios" data-provider="scenarios" finished-at="2022-09-26T16:32:52 CDT" duration-ms="2338" status="PASS">
          <params>
            <param index="0">
              <value>
                <![CDATA["Validating the Sign Up button visibility"]]>
              </value>
            </param>
            <param index="1">
              <value>
                <![CDATA["Register Functionality"]]>
              </value>
            </param>
          </params>
          <reporter-output>
          </reporter-output>
        </test-method> <!-- runScenario -->
        <test-method signature="runScenario(io.cucumber.testng.PickleWrapper,io.cucumber.testng.FeatureWrapper)[pri:0, instance:testRunner.ExtendReport@6c64cb25]" started-at="2022-09-26T16:32:52 CDT" name="runScenario" description="Runs Cucumber Scenarios" data-provider="scenarios" finished-at="2022-09-26T16:32:55 CDT" duration-ms="2428" status="PASS">
          <params>
            <param index="0">
              <value>
                <![CDATA["Validating the Login button functionality"]]>
              </value>
            </param>
            <param index="1">
              <value>
                <![CDATA["Register Functionality"]]>
              </value>
            </param>
          </params>
          <reporter-output>
          </reporter-output>
        </test-method> <!-- runScenario -->
        <test-method signature="runScenario(io.cucumber.testng.PickleWrapper,io.cucumber.testng.FeatureWrapper)[pri:0, instance:testRunner.ExtendReport@6c64cb25]" started-at="2022-09-26T16:32:55 CDT" name="runScenario" description="Runs Cucumber Scenarios" data-provider="scenarios" finished-at="2022-09-26T16:32:58 CDT" duration-ms="3545" status="PASS">
          <params>
            <param index="0">
              <value>
                <![CDATA["Validating the Sign Up form with all fields empty"]]>
              </value>
            </param>
            <param index="1">
              <value>
                <![CDATA["Register Functionality"]]>
              </value>
            </param>
          </params>
          <reporter-output>
          </reporter-output>
        </test-method> <!-- runScenario -->
        <test-method signature="runScenario(io.cucumber.testng.PickleWrapper,io.cucumber.testng.FeatureWrapper)[pri:0, instance:testRunner.ExtendReport@6c64cb25]" started-at="2022-09-26T16:32:58 CDT" name="runScenario" description="Runs Cucumber Scenarios" data-provider="scenarios" finished-at="2022-09-26T16:33:01 CDT" duration-ms="3153" status="PASS">
          <params>
            <param index="0">
              <value>
                <![CDATA["Validating the Sign Up form with all mandatory fields empty"]]>
              </value>
            </param>
            <param index="1">
              <value>
                <![CDATA["Register Functionality"]]>
              </value>
            </param>
          </params>
          <reporter-output>
          </reporter-output>
        </test-method> <!-- runScenario -->
        <test-method signature="runScenario(io.cucumber.testng.PickleWrapper,io.cucumber.testng.FeatureWrapper)[pri:0, instance:testRunner.ExtendReport@6c64cb25]" started-at="2022-09-26T16:33:01 CDT" name="runScenario" description="Runs Cucumber Scenarios" data-provider="scenarios" finished-at="2022-09-26T16:33:04 CDT" duration-ms="3034" status="PASS">
          <params>
            <param index="0">
              <value>
                <![CDATA["Validating the Sign Up form with one of the mandatory fields empty"]]>
              </value>
            </param>
            <param index="1">
              <value>
                <![CDATA["Register Functionality"]]>
              </value>
            </param>
          </params>
          <reporter-output>
          </reporter-output>
        </test-method> <!-- runScenario -->
        <test-method signature="runScenario(io.cucumber.testng.PickleWrapper,io.cucumber.testng.FeatureWrapper)[pri:0, instance:testRunner.ExtendReport@6c64cb25]" started-at="2022-09-26T16:33:04 CDT" name="runScenario" description="Runs Cucumber Scenarios" data-provider="scenarios" finished-at="2022-09-26T16:33:07 CDT" duration-ms="2939" status="PASS">
          <params>
            <param index="0">
              <value>
                <![CDATA["Validating the signup form with invalid phone"]]>
              </value>
            </param>
            <param index="1">
              <value>
                <![CDATA["Register Functionality"]]>
              </value>
            </param>
          </params>
          <reporter-output>
          </reporter-output>
        </test-method> <!-- runScenario -->
        <test-method signature="runScenario(io.cucumber.testng.PickleWrapper,io.cucumber.testng.FeatureWrapper)[pri:0, instance:testRunner.ExtendReport@6c64cb25]" started-at="2022-09-26T16:33:07 CDT" name="runScenario" description="Runs Cucumber Scenarios" data-provider="scenarios" finished-at="2022-09-26T16:33:10 CDT" duration-ms="2924" status="PASS">
          <params>
            <param index="0">
              <value>
                <![CDATA["Validating the signup form with invalid email"]]>
              </value>
            </param>
            <param index="1">
              <value>
                <![CDATA["Register Functionality"]]>
              </value>
            </param>
          </params>
          <reporter-output>
          </reporter-output>
        </test-method> <!-- runScenario -->
        <test-method signature="runScenario(io.cucumber.testng.PickleWrapper,io.cucumber.testng.FeatureWrapper)[pri:0, instance:testRunner.ExtendReport@6c64cb25]" started-at="2022-09-26T16:33:10 CDT" name="runScenario" description="Runs Cucumber Scenarios" data-provider="scenarios" finished-at="2022-09-26T16:33:13 CDT" duration-ms="2795" status="PASS">
          <params>
            <param index="0">
              <value>
                <![CDATA["Validating the signup form with invalid password"]]>
              </value>
            </param>
            <param index="1">
              <value>
                <![CDATA["Register Functionality"]]>
              </value>
            </param>
          </params>
          <reporter-output>
          </reporter-output>
        </test-method> <!-- runScenario -->
        <test-method signature="runScenario(io.cucumber.testng.PickleWrapper,io.cucumber.testng.FeatureWrapper)[pri:0, instance:testRunner.ExtendReport@6c64cb25]" started-at="2022-09-26T16:33:13 CDT" name="runScenario" description="Runs Cucumber Scenarios" data-provider="scenarios" finished-at="2022-09-26T16:33:16 CDT" duration-ms="2706" status="PASS">
          <params>
            <param index="0">
              <value>
                <![CDATA["Validating the signup form with existing Username"]]>
              </value>
            </param>
            <param index="1">
              <value>
                <![CDATA["Register Functionality"]]>
              </value>
            </param>
          </params>
          <reporter-output>
          </reporter-output>
        </test-method> <!-- runScenario -->
        <test-method signature="runScenario(io.cucumber.testng.PickleWrapper,io.cucumber.testng.FeatureWrapper)[pri:0, instance:testRunner.ExtendReport@6c64cb25]" started-at="2022-09-26T16:33:16 CDT" name="runScenario" description="Runs Cucumber Scenarios" data-provider="scenarios" finished-at="2022-09-26T16:33:18 CDT" duration-ms="2863" status="PASS">
          <params>
            <param index="0">
              <value>
                <![CDATA["Validating Sign Up form with valid data"]]>
              </value>
            </param>
            <param index="1">
              <value>
                <![CDATA["Register Functionality"]]>
              </value>
            </param>
          </params>
          <reporter-output>
          </reporter-output>
        </test-method> <!-- runScenario -->
        <test-method is-config="true" signature="tearDownClass()[pri:0, instance:testRunner.ExtendReport@6c64cb25]" started-at="2022-09-26T16:33:18 CDT" name="tearDownClass" finished-at="2022-09-26T16:33:22 CDT" duration-ms="3120" status="PASS">
          <reporter-output>
          </reporter-output>
        </test-method> <!-- tearDownClass -->
      </class> <!-- testRunner.ExtendReport -->
    </test> <!-- Default test -->
  </suite> <!-- Default suite -->
</testng-results>
