<?xml version="1.0" encoding="UTF-8"?>
<testng-results ignored="0" total="1" passed="1" failed="0" skipped="0">
  <reporter-output>
  </reporter-output>
  <suite started-at="2022-09-23T18:36:34 CDT" name="Default suite" finished-at="2022-09-23T18:36:34 CDT" duration-ms="33">
    <groups>
    </groups>
    <test started-at="2022-09-23T18:36:34 CDT" name="Default test" finished-at="2022-09-23T18:36:34 CDT" duration-ms="33">
      <class name="utils.ConfigReader">
        <test-method signature="readPropFiles()[pri:0, instance:utils.ConfigReader@6ca8564a]" started-at="2022-09-23T18:36:34 CDT" name="readPropFiles" finished-at="2022-09-23T18:36:34 CDT" duration-ms="7" status="PASS">
          <reporter-output>
          </reporter-output>
        </test-method> <!-- readPropFiles -->
      </class> <!-- utils.ConfigReader -->
    </test> <!-- Default test -->
  </suite> <!-- Default suite -->
</testng-results>
